# JRE version: OpenJDK Runtime Environment (8.0_131-b11) (build 1.8.0_131-8u131-b11-0ubuntu1.16.10.2-b11)
# Java VM: OpenJDK 64-Bit Server VM (25.131-b11 mixed mode linux-amd64 compressed oops)
Heap:
 PSYoungGen      total 188928K, used 27833K [0x00000000d7200000, 0x00000000efe80000, 0x0000000100000000)
  eden space 186880K, 13% used [0x00000000d7200000,0x00000000d8b32e30,0x00000000e2880000)
  from space 2048K, 99% used [0x00000000efc80000,0x00000000efe7b8a0,0x00000000efe80000)
  to   space 7680K, 0% used [0x00000000eef80000,0x00000000eef80000,0x00000000ef700000)
 ParOldGen       total 125952K, used 70892K [0x0000000085600000, 0x000000008d100000, 0x00000000d7200000)
  object space 125952K, 56% used [0x0000000085600000,0x0000000089b3b248,0x000000008d100000)
 Metaspace       used 60490K, capacity 61190K, committed 61440K, reserved 1103872K
  class space    used 7460K, capacity 7630K, committed 7680K, reserved 1048576K
GC Heap History (10 events):
Event: 647,410 GC heap before
{Heap before GC invocations=47 (full 3):
 PSYoungGen      total 226304K, used 225870K [0x00000000d7200000, 0x00000000f1500000, 0x0000000100000000)
  eden space 223744K, 100% used [0x00000000d7200000,0x00000000e4c80000,0x00000000e4c80000)
  from space 2560K, 83% used [0x00000000f0500000,0x00000000f07138a0,0x00000000f0780000)
  to   space 9728K, 0% used [0x00000000f0b80000,0x00000000f0b80000,0x00000000f1500000)
 ParOldGen       total 125952K, used 70708K [0x0000000085600000, 0x000000008d100000, 0x00000000d7200000)
  object space 125952K, 56% used [0x0000000085600000,0x0000000089b0d248,0x000000008d100000)
 Metaspace       used 60488K, capacity 61190K, committed 61440K, reserved 1103872K
  class space    used 7459K, capacity 7630K, committed 7680K, reserved 1048576K
Event: 647,412 GC heap after
Heap after GC invocations=47 (full 3):
 PSYoungGen      total 218624K, used 2702K [0x00000000d7200000, 0x00000000f0e80000, 0x0000000100000000)
  eden space 215552K, 0% used [0x00000000d7200000,0x00000000d7200000,0x00000000e4480000)
  from space 3072K, 87% used [0x00000000f0b80000,0x00000000f0e238a0,0x00000000f0e80000)
  to   space 9216K, 0% used [0x00000000efc80000,0x00000000efc80000,0x00000000f0580000)
 ParOldGen       total 125952K, used 70740K [0x0000000085600000, 0x000000008d100000, 0x00000000d7200000)
  object space 125952K, 56% used [0x0000000085600000,0x0000000089b15248,0x000000008d100000)
 Metaspace       used 60488K, capacity 61190K, committed 61440K, reserved 1103872K
  class space    used 7459K, capacity 7630K, committed 7680K, reserved 1048576K
}
Event: 647,778 GC heap before
{Heap before GC invocations=48 (full 3):
 PSYoungGen      total 218624K, used 218254K [0x00000000d7200000, 0x00000000f0e80000, 0x0000000100000000)
  eden space 215552K, 100% used [0x00000000d7200000,0x00000000e4480000,0x00000000e4480000)
  from space 3072K, 87% used [0x00000000f0b80000,0x00000000f0e238a0,0x00000000f0e80000)
  to   space 9216K, 0% used [0x00000000efc80000,0x00000000efc80000,0x00000000f0580000)
 ParOldGen       total 125952K, used 70740K [0x0000000085600000, 0x000000008d100000, 0x00000000d7200000)
  object space 125952K, 56% used [0x0000000085600000,0x0000000089b15248,0x000000008d100000)
 Metaspace       used 60488K, capacity 61190K, committed 61440K, reserved 1103872K
  class space    used 7459K, capacity 7630K, committed 7680K, reserved 1048576K
Event: 647,780 GC heap after
Heap after GC invocations=48 (full 3):
 PSYoungGen      total 209920K, used 1862K [0x00000000d7200000, 0x00000000f0c00000, 0x0000000100000000)
  eden space 207872K, 0% used [0x00000000d7200000,0x00000000d7200000,0x00000000e3d00000)
  from space 2048K, 90% used [0x00000000efc80000,0x00000000efe51860,0x00000000efe80000)
  to   space 8704K, 0% used [0x00000000f0380000,0x00000000f0380000,0x00000000f0c00000)
 ParOldGen       total 125952K, used 70772K [0x0000000085600000, 0x000000008d100000, 0x00000000d7200000)
  object space 125952K, 56% used [0x0000000085600000,0x0000000089b1d248,0x000000008d100000)
 Metaspace       used 60488K, capacity 61190K, committed 61440K, reserved 1103872K
  class space    used 7459K, capacity 7630K, committed 7680K, reserved 1048576K
}
Event: 648,127 GC heap before
{Heap before GC invocations=49 (full 3):
 PSYoungGen      total 209920K, used 209734K [0x00000000d7200000, 0x00000000f0c00000, 0x0000000100000000)
  eden space 207872K, 100% used [0x00000000d7200000,0x00000000e3d00000,0x00000000e3d00000)
  from space 2048K, 90% used [0x00000000efc80000,0x00000000efe51860,0x00000000efe80000)
  to   space 8704K, 0% used [0x00000000f0380000,0x00000000f0380000,0x00000000f0c00000)
 ParOldGen       total 125952K, used 70772K [0x0000000085600000, 0x000000008d100000, 0x00000000d7200000)
  object space 125952K, 56% used [0x0000000085600000,0x0000000089b1d248,0x000000008d100000)
 Metaspace       used 60488K, capacity 61190K, committed 61440K, reserved 1103872K
  class space    used 7459K, capacity 7630K, committed 7680K, reserved 1048576K
Event: 648,130 GC heap after
Heap after GC invocations=49 (full 3):
 PSYoungGen      total 203264K, used 2062K [0x00000000d7200000, 0x00000000f0600000, 0x0000000100000000)
  eden space 200704K, 0% used [0x00000000d7200000,0x00000000d7200000,0x00000000e3600000)
  from space 2560K, 80% used [0x00000000f0380000,0x00000000f05838a0,0x00000000f0600000)
  to   space 8192K, 0% used [0x00000000ef600000,0x00000000ef600000,0x00000000efe00000)
 ParOldGen       total 125952K, used 70812K [0x0000000085600000, 0x000000008d100000, 0x00000000d7200000)
  object space 125952K, 56% used [0x0000000085600000,0x0000000089b27248,0x000000008d100000)
 Metaspace       used 60488K, capacity 61190K, committed 61440K, reserved 1103872K
  class space    used 7459K, capacity 7630K, committed 7680K, reserved 1048576K
}
Event: 648,449 GC heap before
{Heap before GC invocations=50 (full 3):
 PSYoungGen      total 203264K, used 202766K [0x00000000d7200000, 0x00000000f0600000, 0x0000000100000000)
  eden space 200704K, 100% used [0x00000000d7200000,0x00000000e3600000,0x00000000e3600000)
  from space 2560K, 80% used [0x00000000f0380000,0x00000000f05838a0,0x00000000f0600000)
  to   space 8192K, 0% used [0x00000000ef600000,0x00000000ef600000,0x00000000efe00000)
 ParOldGen       total 125952K, used 70812K [0x0000000085600000, 0x000000008d100000, 0x00000000d7200000)
  object space 125952K, 56% used [0x0000000085600000,0x0000000089b27248,0x000000008d100000)
 Metaspace       used 60488K, capacity 61190K, committed 61440K, reserved 1103872K
  class space    used 7459K, capacity 7630K, committed 7680K, reserved 1048576K
Event: 648,451 GC heap after
Heap after GC invocations=50 (full 3):
 PSYoungGen      total 196608K, used 2574K [0x00000000d7200000, 0x00000000f0400000, 0x0000000100000000)
  eden space 193536K, 0% used [0x00000000d7200000,0x00000000d7200000,0x00000000e2f00000)
  from space 3072K, 83% used [0x00000000ef600000,0x00000000ef8838a0,0x00000000ef900000)
  to   space 7680K, 0% used [0x00000000efc80000,0x00000000efc80000,0x00000000f0400000)
 ParOldGen       total 125952K, used 70844K [0x0000000085600000, 0x000000008d100000, 0x00000000d7200000)
  object space 125952K, 56% used [0x0000000085600000,0x0000000089b2f248,0x000000008d100000)
 Metaspace       used 60488K, capacity 61190K, committed 61440K, reserved 1103872K
  class space    used 7459K, capacity 7630K, committed 7680K, reserved 1048576K
}
Event: 648,766 GC heap before
{Heap before GC invocations=51 (full 3):
 PSYoungGen      total 196608K, used 195808K [0x00000000d7200000, 0x00000000f0400000, 0x0000000100000000)
  eden space 193536K, 99% used [0x00000000d7200000,0x00000000e2eb4900,0x00000000e2f00000)
  from space 3072K, 83% used [0x00000000ef600000,0x00000000ef8838a0,0x00000000ef900000)
  to   space 7680K, 0% used [0x00000000efc80000,0x00000000efc80000,0x00000000f0400000)
 ParOldGen       total 125952K, used 70844K [0x0000000085600000, 0x000000008d100000, 0x00000000d7200000)
  object space 125952K, 56% used [0x0000000085600000,0x0000000089b2f248,0x000000008d100000)
 Metaspace       used 60488K, capacity 61190K, committed 61440K, reserved 1103872K
  class space    used 7459K, capacity 7630K, committed 7680K, reserved 1048576K
Event: 648,768 GC heap after
Heap after GC invocations=51 (full 3):
 PSYoungGen      total 188928K, used 2030K [0x00000000d7200000, 0x00000000efe80000, 0x0000000100000000)
  eden space 186880K, 0% used [0x00000000d7200000,0x00000000d7200000,0x00000000e2880000)
  from space 2048K, 99% used [0x00000000efc80000,0x00000000efe7b8a0,0x00000000efe80000)
  to   space 7680K, 0% used [0x00000000eef80000,0x00000000eef80000,0x00000000ef700000)
 ParOldGen       total 125952K, used 70892K [0x0000000085600000, 0x000000008d100000, 0x00000000d7200000)
  object space 125952K, 56% used [0x0000000085600000,0x0000000089b3b248,0x000000008d100000)
 Metaspace       used 60488K, capacity 61190K, committed 61440K, reserved 1103872K
  class space    used 7459K, capacity 7630K, committed 7680K, reserved 1048576K
}

